<?xml version="1.0" encoding="UTF-8"?>
<!-- Generated by org.testng.reporters.JUnitReportReporter -->
<testsuite hostname="Narendra-PC" name="tests.Test" tests="2" failures="0" timestamp="6 May 2021 06:59:18 GMT" time="9.544" errors="0">
  <testcase name="A_login" time="5.483" classname="tests.Test"/>
  <testcase name="B_checklogout" time="4.061" classname="tests.Test"/>
</testsuite> <!-- tests.Test -->
