<?xml version="1.0" encoding="UTF-8"?>
<!-- Generated by org.testng.reporters.JUnitReportReporter -->
<testsuite hostname="Narendra-PC" name="tests.Test" tests="2" failures="0" timestamp="5 May 2021 07:08:25 GMT" time="19.038" errors="0">
  <testcase name="A_login" time="13.598" classname="tests.Test"/>
  <testcase name="B_checklogout" time="5.440" classname="tests.Test"/>
</testsuite> <!-- tests.Test -->
