<?xml version="1.0" encoding="UTF-8"?>
<!-- Generated by org.testng.reporters.JUnitReportReporter -->
<testsuite hostname="Narendra-PC" name="tests.Test" tests="2" failures="0" timestamp="5 May 2021 11:27:38 GMT" time="33.804" errors="0">
  <testcase name="B_checklogout" time="16.028" classname="tests.Test"/>
  <testcase name="A_login" time="17.776" classname="tests.Test"/>
</testsuite> <!-- tests.Test -->
