<?xml version="1.0" encoding="UTF-8"?>
<!-- Generated by org.testng.reporters.JUnitReportReporter -->
<testsuite hostname="Narendra-PC" name="tests.Test" tests="2" failures="0" timestamp="5 May 2021 13:25:59 GMT" time="197.025" errors="0">
  <testcase name="B_checklogout" time="8.122" classname="tests.Test"/>
  <testcase name="A_login" time="188.903" classname="tests.Test"/>
</testsuite> <!-- tests.Test -->
