<?xml version="1.0" encoding="UTF-8"?>
<!-- Generated by org.testng.reporters.JUnitReportReporter -->
<testsuite hostname="Narendra-PC" name="tests.Test" tests="2" failures="0" timestamp="7 May 2021 06:51:06 GMT" time="9.438" errors="0">
  <testcase name="A_login" time="5.026" classname="tests.Test"/>
  <testcase name="B_logout" time="4.412" classname="tests.Test"/>
</testsuite> <!-- tests.Test -->
