<?xml version="1.0" encoding="UTF-8"?>
<!-- Generated by org.testng.reporters.JUnitReportReporter -->
<testsuite hostname="Narendra-PC" name="tests.Test" tests="2" failures="0" timestamp="6 May 2021 08:56:23 GMT" time="14.188" errors="0">
  <testcase name="B_logout" time="4.953" classname="tests.Test"/>
  <testcase name="A_login" time="9.235" classname="tests.Test"/>
</testsuite> <!-- tests.Test -->
