<?xml version="1.0" encoding="UTF-8"?>
<!-- Generated by org.testng.reporters.JUnitReportReporter -->
<testsuite hostname="Narendra-PC" name="tests.Test" tests="2" failures="0" timestamp="10 May 2021 05:51:12 GMT" time="9.202" errors="0">
  <testcase name="A_login" time="4.969" classname="tests.Test"/>
  <testcase name="B_logout" time="4.233" classname="tests.Test"/>
</testsuite> <!-- tests.Test -->
