<?xml version="1.0" encoding="UTF-8"?>
<!-- Generated by org.testng.reporters.JUnitReportReporter -->
<testsuite hostname="Narendra-PC" name="tests.Test" tests="2" failures="0" timestamp="7 May 2021 06:20:26 GMT" time="8.754" errors="0">
  <testcase name="A_login" time="5.021" classname="tests.Test"/>
  <testcase name="B_logout" time="3.733" classname="tests.Test"/>
</testsuite> <!-- tests.Test -->
